# JRE version: OpenJDK Runtime Environment (8.0_131-b11) (build 1.8.0_131-8u131-b11-0ubuntu1.16.04.2-b11)
# Java VM: OpenJDK 64-Bit Server VM (25.131-b11 mixed mode linux-amd64 compressed oops)
Heap:
 PSYoungGen      total 215040K, used 128K [0x00000000ebc00000, 0x00000000f9980000, 0x0000000100000000)
  eden space 203264K, 0% used [0x00000000ebc00000,0x00000000ebc00000,0x00000000f8280000)
  from space 11776K, 1% used [0x00000000f8280000,0x00000000f82a0000,0x00000000f8e00000)
  to   space 11264K, 0% used [0x00000000f8e80000,0x00000000f8e80000,0x00000000f9980000)
 ParOldGen       total 42496K, used 17790K [0x00000000c3400000, 0x00000000c5d80000, 0x00000000ebc00000)
  object space 42496K, 41% used [0x00000000c3400000,0x00000000c455fa00,0x00000000c5d80000)
 Metaspace       used 13906K, capacity 14312K, committed 14464K, reserved 1062912K
  class space    used 1465K, capacity 1589K, committed 1664K, reserved 1048576K
GC Heap History (10 events):
Event: 14,555 GC heap after
Heap after GC invocations=6 (full 0):
 PSYoungGen      total 75776K, used 2585K [0x00000000ebc00000, 0x00000000f1300000, 0x0000000100000000)
  eden space 63488K, 0% used [0x00000000ebc00000,0x00000000ebc00000,0x00000000efa00000)
  from space 12288K, 21% used [0x00000000f0700000,0x00000000f0986538,0x00000000f1300000)
  to   space 12800K, 0% used [0x00000000efa00000,0x00000000efa00000,0x00000000f0680000)
 ParOldGen       total 42496K, used 15210K [0x00000000c3400000, 0x00000000c5d80000, 0x00000000ebc00000)
  object space 42496K, 35% used [0x00000000c3400000,0x00000000c42da8b0,0x00000000c5d80000)
 Metaspace       used 13812K, capacity 14236K, committed 14464K, reserved 1062912K
  class space    used 1465K, capacity 1589K, committed 1664K, reserved 1048576K
}
Event: 16,097 GC heap before
{Heap before GC invocations=7 (full 0):
 PSYoungGen      total 75776K, used 66073K [0x00000000ebc00000, 0x00000000f1300000, 0x0000000100000000)
  eden space 63488K, 100% used [0x00000000ebc00000,0x00000000efa00000,0x00000000efa00000)
  from space 12288K, 21% used [0x00000000f0700000,0x00000000f0986538,0x00000000f1300000)
  to   space 12800K, 0% used [0x00000000efa00000,0x00000000efa00000,0x00000000f0680000)
 ParOldGen       total 42496K, used 15210K [0x00000000c3400000, 0x00000000c5d80000, 0x00000000ebc00000)
  object space 42496K, 35% used [0x00000000c3400000,0x00000000c42da8b0,0x00000000c5d80000)
 Metaspace       used 13846K, capacity 14300K, committed 14464K, reserved 1062912K
  class space    used 1465K, capacity 1589K, committed 1664K, reserved 1048576K
Event: 16,118 GC heap after
Heap after GC invocations=7 (full 0):
 PSYoungGen      total 76288K, used 1805K [0x00000000ebc00000, 0x00000000f5000000, 0x0000000100000000)
  eden space 63488K, 0% used [0x00000000ebc00000,0x00000000ebc00000,0x00000000efa00000)
  from space 12800K, 14% used [0x00000000efa00000,0x00000000efbc3670,0x00000000f0680000)
  to   space 12288K, 0% used [0x00000000f4400000,0x00000000f4400000,0x00000000f5000000)
 ParOldGen       total 42496K, used 16079K [0x00000000c3400000, 0x00000000c5d80000, 0x00000000ebc00000)
  object space 42496K, 37% used [0x00000000c3400000,0x00000000c43b3ff8,0x00000000c5d80000)
 Metaspace       used 13846K, capacity 14300K, committed 14464K, reserved 1062912K
  class space    used 1465K, capacity 1589K, committed 1664K, reserved 1048576K
}
Event: 17,688 GC heap before
{Heap before GC invocations=8 (full 0):
 PSYoungGen      total 76288K, used 65293K [0x00000000ebc00000, 0x00000000f5000000, 0x0000000100000000)
  eden space 63488K, 100% used [0x00000000ebc00000,0x00000000efa00000,0x00000000efa00000)
  from space 12800K, 14% used [0x00000000efa00000,0x00000000efbc3670,0x00000000f0680000)
  to   space 12288K, 0% used [0x00000000f4400000,0x00000000f4400000,0x00000000f5000000)
 ParOldGen       total 42496K, used 16079K [0x00000000c3400000, 0x00000000c5d80000, 0x00000000ebc00000)
  object space 42496K, 37% used [0x00000000c3400000,0x00000000c43b3ff8,0x00000000c5d80000)
 Metaspace       used 13870K, capacity 14300K, committed 14464K, reserved 1062912K
  class space    used 1465K, capacity 1589K, committed 1664K, reserved 1048576K
Event: 17,752 GC heap after
Heap after GC invocations=8 (full 0):
 PSYoungGen      total 139264K, used 192K [0x00000000ebc00000, 0x00000000f5000000, 0x0000000100000000)
  eden space 126976K, 0% used [0x00000000ebc00000,0x00000000ebc00000,0x00000000f3800000)
  from space 12288K, 1% used [0x00000000f4400000,0x00000000f4430000,0x00000000f5000000)
  to   space 12288K, 0% used [0x00000000f3800000,0x00000000f3800000,0x00000000f4400000)
 ParOldGen       total 42496K, used 17750K [0x00000000c3400000, 0x00000000c5d80000, 0x00000000ebc00000)
  object space 42496K, 41% used [0x00000000c3400000,0x00000000c4555a00,0x00000000c5d80000)
 Metaspace       used 13870K, capacity 14300K, committed 14464K, reserved 1062912K
  class space    used 1465K, capacity 1589K, committed 1664K, reserved 1048576K
}
Event: 22,080 GC heap before
{Heap before GC invocations=9 (full 0):
 PSYoungGen      total 139264K, used 127168K [0x00000000ebc00000, 0x00000000f5000000, 0x0000000100000000)
  eden space 126976K, 100% used [0x00000000ebc00000,0x00000000f3800000,0x00000000f3800000)
  from space 12288K, 1% used [0x00000000f4400000,0x00000000f4430000,0x00000000f5000000)
  to   space 12288K, 0% used [0x00000000f3800000,0x00000000f3800000,0x00000000f4400000)
 ParOldGen       total 42496K, used 17750K [0x00000000c3400000, 0x00000000c5d80000, 0x00000000ebc00000)
  object space 42496K, 41% used [0x00000000c3400000,0x00000000c4555a00,0x00000000c5d80000)
 Metaspace       used 13904K, capacity 14312K, committed 14464K, reserved 1062912K
  class space    used 1465K, capacity 1589K, committed 1664K, reserved 1048576K
Event: 22,114 GC heap after
Heap after GC invocations=9 (full 0):
 PSYoungGen      total 139264K, used 160K [0x00000000ebc00000, 0x00000000f9a80000, 0x0000000100000000)
  eden space 126976K, 0% used [0x00000000ebc00000,0x00000000ebc00000,0x00000000f3800000)
  from space 12288K, 1% used [0x00000000f3800000,0x00000000f3828000,0x00000000f4400000)
  to   space 12288K, 0% used [0x00000000f8e80000,0x00000000f8e80000,0x00000000f9a80000)
 ParOldGen       total 42496K, used 17758K [0x00000000c3400000, 0x00000000c5d80000, 0x00000000ebc00000)
  object space 42496K, 41% used [0x00000000c3400000,0x00000000c4557a00,0x00000000c5d80000)
 Metaspace       used 13904K, capacity 14312K, committed 14464K, reserved 1062912K
  class space    used 1465K, capacity 1589K, committed 1664K, reserved 1048576K
}
Event: 26,403 GC heap before
{Heap before GC invocations=10 (full 0):
 PSYoungGen      total 139264K, used 127136K [0x00000000ebc00000, 0x00000000f9a80000, 0x0000000100000000)
  eden space 126976K, 100% used [0x00000000ebc00000,0x00000000f3800000,0x00000000f3800000)
  from space 12288K, 1% used [0x00000000f3800000,0x00000000f3828000,0x00000000f4400000)
  to   space 12288K, 0% used [0x00000000f8e80000,0x00000000f8e80000,0x00000000f9a80000)
 ParOldGen       total 42496K, used 17758K [0x00000000c3400000, 0x00000000c5d80000, 0x00000000ebc00000)
  object space 42496K, 41% used [0x00000000c3400000,0x00000000c4557a00,0x00000000c5d80000)
 Metaspace       used 13906K, capacity 14312K, committed 14464K, reserved 1062912K
  class space    used 1465K, capacity 1589K, committed 1664K, reserved 1048576K
Event: 26,441 GC heap after
Heap after GC invocations=10 (full 0):
 PSYoungGen      total 214528K, used 160K [0x00000000ebc00000, 0x00000000f9980000, 0x0000000100000000)
  eden space 203264K, 0% used [0x00000000ebc00000,0x00000000ebc00000,0x00000000f8280000)
  from space 11264K, 1% used [0x00000000f8e80000,0x00000000f8ea8000,0x00000000f9980000)
  to   space 11776K, 0% used [0x00000000f8280000,0x00000000f8280000,0x00000000f8e00000)
 ParOldGen       total 42496K, used 17782K [0x00000000c3400000, 0x00000000c5d80000, 0x00000000ebc00000)
  object space 42496K, 41% used [0x00000000c3400000,0x00000000c455da00,0x00000000c5d80000)
 Metaspace       used 13906K, capacity 14312K, committed 14464K, reserved 1062912K
  class space    used 1465K, capacity 1589K, committed 1664K, reserved 1048576K
}
Event: 33,454 GC heap before
{Heap before GC invocations=11 (full 0):
 PSYoungGen      total 214528K, used 203424K [0x00000000ebc00000, 0x00000000f9980000, 0x0000000100000000)
  eden space 203264K, 100% used [0x00000000ebc00000,0x00000000f8280000,0x00000000f8280000)
  from space 11264K, 1% used [0x00000000f8e80000,0x00000000f8ea8000,0x00000000f9980000)
  to   space 11776K, 0% used [0x00000000f8280000,0x00000000f8280000,0x00000000f8e00000)
 ParOldGen       total 42496K, used 17782K [0x00000000c3400000, 0x00000000c5d80000, 0x00000000ebc00000)
  object space 42496K, 41% used [0x00000000c3400000,0x00000000c455da00,0x00000000c5d80000)
 Metaspace       used 13906K, capacity 14312K, committed 14464K, reserved 1062912K
  class space    used 1465K, capacity 1589K, committed 1664K, reserved 1048576K

